<?xml version="1.0" encoding="UTF-8"?>
<testng-results skipped="0" failed="0" total="1" passed="1">
  <reporter-output>
  </reporter-output>
  <suite name="Suite" duration-ms="22647" started-at="2017-05-21T07:43:26Z" finished-at="2017-05-21T07:43:48Z">
    <groups>
    </groups>
    <test name="Test" duration-ms="22647" started-at="2017-05-21T07:43:26Z" finished-at="2017-05-21T07:43:48Z">
      <class name="githubtest.GitHubTest">
        <test-method status="PASS" signature="logintest()[pri:0, instance:githubtest.GitHubTest@68558426]" name="logintest" duration-ms="22619" started-at="2017-05-21T13:13:26Z" finished-at="2017-05-21T13:13:48Z">
          <reporter-output>
          </reporter-output>
        </test-method> <!-- logintest -->
      </class> <!-- githubtest.GitHubTest -->
    </test> <!-- Test -->
  </suite> <!-- Suite -->
</testng-results>
